<?xml version="1.0" encoding="UTF-8"?>
<testsuite name="LibrarySuite" tests="1" skipped="0" failures="0" errors="0" timestamp="2016-12-10T03:50:05" hostname="Juventus" time="0.016">
  <properties/>
  <testcase name="someLibraryMethod is always true" classname="LibrarySuite" time="0.016"/>
  <system-out><![CDATA[]]></system-out>
  <system-err><![CDATA[]]></system-err>
</testsuite>
