<?xml version="1.0" encoding="UTF-8"?>
<testsuite name="ExampleSpec" tests="2" skipped="0" failures="0" errors="0" timestamp="2016-12-10T03:50:05" hostname="Juventus" time="0.1">
  <properties/>
  <testcase name="A Stack should pop values in last-in-first-out order" classname="ExampleSpec" time="0.1"/>
  <testcase name="A Stack should throw NoSuchElementException if an empty stack is popped" classname="ExampleSpec" time="0.0"/>
  <system-out><![CDATA[]]></system-out>
  <system-err><![CDATA[]]></system-err>
</testsuite>
