<?xml version="1.0" encoding="UTF-8" ?>
<testsuite tests="1" failures="0" name="com.fmr.lead.spark.AppTest" time="0.004" errors="0" skipped="0">
  <properties>
    <property name="java.runtime.name" value="Java(TM) SE Runtime Environment"/>
    <property name="sun.boot.library.path" value="C:\DEV\jdk1.8.0_65\jre\bin"/>
    <property name="java.vm.version" value="25.65-b01"/>
    <property name="java.vm.vendor" value="Oracle Corporation"/>
    <property name="maven.multiModuleProjectDirectory" value="C:\lead_workspace\spark"/>
    <property name="java.vendor.url" value="http://java.oracle.com/"/>
    <property name="path.separator" value=";"/>
    <property name="guice.disable.misplaced.annotation.check" value="true"/>
    <property name="java.vm.name" value="Java HotSpot(TM) 64-Bit Server VM"/>
    <property name="file.encoding.pkg" value="sun.io"/>
    <property name="user.script" value=""/>
    <property name="user.country" value="US"/>
    <property name="sun.java.launcher" value="SUN_STANDARD"/>
    <property name="sun.os.patch.level" value="Service Pack 1"/>
    <property name="java.vm.specification.name" value="Java Virtual Machine Specification"/>
    <property name="user.dir" value="C:\lead_workspace\spark"/>
    <property name="java.runtime.version" value="1.8.0_65-b17"/>
    <property name="java.awt.graphicsenv" value="sun.awt.Win32GraphicsEnvironment"/>
    <property name="java.endorsed.dirs" value="C:\DEV\jdk1.8.0_65\jre\lib\endorsed"/>
    <property name="os.arch" value="amd64"/>
    <property name="java.io.tmpdir" value="Q:\Users\A52484~1.DMN\AppData\Local\Temp\"/>
    <property name="line.separator" value="
"/>
    <property name="java.vm.specification.vendor" value="Oracle Corporation"/>
    <property name="user.variant" value=""/>
    <property name="os.name" value="Windows 7"/>
    <property name="classworlds.conf" value="C:\lead_workspace\.metadata\.plugins\org.eclipse.m2e.launching\launches\m2conf9093316459141401839.tmp"/>
    <property name="sun.jnu.encoding" value="Cp1252"/>
    <property name="java.library.path" value="C:\DEV\jdk1.8.0_65\bin;C:\WINDOWS\Sun\Java\bin;C:\WINDOWS\system32;C:\WINDOWS;C:\Oracle\32bitclient\product\11.2.0\client_1\bin;C:\Oracle\Client\11g\11.2.0\client_1\bin;C:\WINDOWS\system32;C:\WINDOWS;C:\WINDOWS\System32\Wbem;C:\WINDOWS\System32\WindowsPowerShell\v1.0\;C:\Program Files (x86)\Citrix\System32\;C:\Program Files\Citrix\System32\;C:\PROGRA~2\IBM\SQLLIB\BIN;C:\PROGRA~2\IBM\SQLLIB\FUNCTION;C:\PROGRA~2\IBM\SQLLIB\SAMPLES\REPL;C:\Program Files (x86)\Enterprise Vault\EVClient\;C:\Program Files (x86)\Microsoft Office 2010\Office14;C:\Program Files\Citrix\ICAService\;C:\DEV\senchaCmd\Sencha\Cmd\5.1.3.61;C:\IBM\WebSphereMQ\java\lib;C:\IBM\WebSphereMQ\java\lib64;C:\Program Files\Java\jdk1.7.0_03\bin;C:\Program Files (x86)\Common Files\Citrix\System32\;C:\SYBASE\DLL;C:\SYBASE\BIN;C:\FIBS;C:\DATAMANAGER\EXE;c:\sybase\odbc;C:\Sybase_15\DataAccess\ODBC\dll;C:\FIBS\oledb\dll;C:\Sybase_15\DataAccess\ADONET\dll;C:\Sybase_15\OCS-15_0\dll;C:\Sybase_15\OCS-15_0\bin;C:\Sybase_15\OCS-15_0\lib3p;C:\DEV\apache-ant-1.9.3\bin;C:\IBM\WebSphereMQ\bin64;C:\IBM\WebSphereMQ\bin;C:\IBM\WebSphereMQ\tools\c\samples\bin;C:\DATAMANAGER/EXE;C:\DEV\apache-maven-3.2.5\bin;C:\DEV\nodejs\;C:\DEV\Git\cmd;;C:\DEV\Microsoft VS Code\bin;Q:\Users\a524849.DMN1\AppData\Roaming\npm;C:\DEV\jdk1.8.0_65\bin;C:\Hadoop\hadoop_2.6.2\bin;;."/>
    <property name="java.specification.name" value="Java Platform API Specification"/>
    <property name="java.class.version" value="52.0"/>
    <property name="sun.management.compiler" value="HotSpot 64-Bit Tiered Compilers"/>
    <property name="os.version" value="6.1"/>
    <property name="user.home" value="Q:\Users\a524849.DMN1"/>
    <property name="user.timezone" value="Asia/Shanghai"/>
    <property name="java.awt.printerjob" value="sun.awt.windows.WPrinterJob"/>
    <property name="java.specification.version" value="1.8"/>
    <property name="file.encoding" value="Cp1252"/>
    <property name="user.name" value="a524849"/>
    <property name="java.class.path" value="/C:/DEV/Eclipse-Mars/plugins/org.eclipse.m2e.maven.runtime_1.6.2.20150902-0001/jars/plexus-classworlds-2.5.2.jar"/>
    <property name="java.vm.specification.version" value="1.8"/>
    <property name="sun.arch.data.model" value="64"/>
    <property name="java.home" value="C:\DEV\jdk1.8.0_65\jre"/>
    <property name="sun.java.command" value="org.codehaus.plexus.classworlds.launcher.Launcher -B clean package"/>
    <property name="java.specification.vendor" value="Oracle Corporation"/>
    <property name="user.language" value="en"/>
    <property name="awt.toolkit" value="sun.awt.windows.WToolkit"/>
    <property name="java.vm.info" value="mixed mode"/>
    <property name="java.version" value="1.8.0_65"/>
    <property name="java.ext.dirs" value="C:\DEV\jdk1.8.0_65\jre\lib\ext;C:\WINDOWS\Sun\Java\lib\ext"/>
    <property name="sun.boot.class.path" value="C:\DEV\jdk1.8.0_65\jre\lib\resources.jar;C:\DEV\jdk1.8.0_65\jre\lib\rt.jar;C:\DEV\jdk1.8.0_65\jre\lib\sunrsasign.jar;C:\DEV\jdk1.8.0_65\jre\lib\jsse.jar;C:\DEV\jdk1.8.0_65\jre\lib\jce.jar;C:\DEV\jdk1.8.0_65\jre\lib\charsets.jar;C:\DEV\jdk1.8.0_65\jre\lib\jfr.jar;C:\DEV\jdk1.8.0_65\jre\classes"/>
    <property name="java.vendor" value="Oracle Corporation"/>
    <property name="maven.home" value="C:\lead_workspace\spark\EMBEDDED"/>
    <property name="file.separator" value="\"/>
    <property name="java.vendor.url.bug" value="http://bugreport.sun.com/bugreport/"/>
    <property name="sun.cpu.endian" value="little"/>
    <property name="sun.io.unicode.encoding" value="UnicodeLittle"/>
    <property name="sun.desktop" value="windows"/>
    <property name="sun.cpu.isalist" value="amd64"/>
  </properties>
  <testcase classname="com.fmr.lead.spark.AppTest" name="testApp" time="0.004"/>
</testsuite>